\BOOKMARK [1][-]{section.1}{Introduction}{}% 1
\BOOKMARK [1][-]{section.2}{Installation}{}% 2
\BOOKMARK [1][-]{section.3}{Using the adigator Function to Generate Derivative Files}{}% 3
\BOOKMARK [2][-]{subsection.3.1}{Generating Derivative Files}{section.3}% 4
\BOOKMARK [3][-]{subsubsection.3.1.1}{The User Function File}{subsection.3.1}% 5
\BOOKMARK [3][-]{subsubsection.3.1.2}{Identifying the User Function Inputs}{subsection.3.1}% 6
\BOOKMARK [3][-]{subsubsection.3.1.3}{Calling the Derivative File Generation}{subsection.3.1}% 7
\BOOKMARK [2][-]{subsection.3.2}{Evaluating the Generated Derivative File}{section.3}% 8
\BOOKMARK [3][-]{subsubsection.3.2.1}{Derivative File Input}{subsection.3.2}% 9
\BOOKMARK [3][-]{subsubsection.3.2.2}{Derivative File Output}{subsection.3.2}% 10
\BOOKMARK [2][-]{subsection.3.3}{Illustrative Example}{section.3}% 11
\BOOKMARK [1][-]{section.4}{ADiGator Options}{}% 12
\BOOKMARK [1][-]{section.5}{Generating Derivative Files and Wrapper Files via Black Box ADiGator Commands}{}% 13
\BOOKMARK [2][-]{subsection.5.1}{adigatorGenJacFile}{section.5}% 14
\BOOKMARK [2][-]{subsection.5.2}{adigatorGenHesFile}{section.5}% 15
\BOOKMARK [2][-]{subsection.5.3}{adigatorGenFiles4Fsolve}{section.5}% 16
\BOOKMARK [2][-]{subsection.5.4}{adigatorGenFiles4Fminunc}{section.5}% 17
\BOOKMARK [2][-]{subsection.5.5}{adigatorGenFiles4Fmincon}{section.5}% 18
\BOOKMARK [2][-]{subsection.5.6}{adigatorGenFiles4Ipopt}{section.5}% 19
\BOOKMARK [1][-]{section.6}{User Function File Coding Restrictions}{}% 20
\BOOKMARK [2][-]{subsection.6.1}{Known Numeric Values}{section.6}% 21
\BOOKMARK [2][-]{subsection.6.2}{Flow Control}{section.6}% 22
\BOOKMARK [3][-]{subsubsection.6.2.1}{Conditional if Statements}{subsection.6.2}% 23
\BOOKMARK [3][-]{subsubsection.6.2.2}{for Loop Statements}{subsection.6.2}% 24
\BOOKMARK [3][-]{subsubsection.6.2.3}{while Loop Statements}{subsection.6.2}% 25
\BOOKMARK [3][-]{subsubsection.6.2.4}{switch Statements}{subsection.6.2}% 26
\BOOKMARK [3][-]{subsubsection.6.2.5}{Short Circuit AND/OR}{subsection.6.2}% 27
\BOOKMARK [2][-]{subsection.6.3}{Functions and Sub-Functions}{section.6}% 28
\BOOKMARK [3][-]{subsubsection.6.3.1}{MEX Functions NOT Allowed}{subsection.6.3}% 29
\BOOKMARK [3][-]{subsubsection.6.3.2}{Functions Outputting Different Number of Outputs \(or Different Size Cell/Structure Arrays\) Based on a User Flag}{subsection.6.3}% 30
\BOOKMARK [2][-]{subsection.6.4}{Non-Input Auxiliary Data: Global/Persistent Variables and the Load Command}{section.6}% 31
\BOOKMARK [2][-]{subsection.6.5}{Unknown Logical Referencing/Assignment}{section.6}% 32
\BOOKMARK [1][-]{section.7}{Higher Order Derivatives}{}% 33
\BOOKMARK [1][-]{section.8}{Differentiating Vectorized Code}{}% 34
\BOOKMARK [2][-]{subsection.8.1}{Illustrative Example of Vectorized Differentiation}{section.8}% 35
\BOOKMARK [2][-]{subsection.8.2}{Projecting Vectorized Derivatives into an Unrolled Jacobian}{section.8}% 36
\BOOKMARK [2][-]{subsection.8.3}{Vectorized Coding Restrictions}{section.8}% 37
\BOOKMARK [1][-]{section.9}{Generating Files for GPOPS II}{}% 38
\BOOKMARK [1][-]{section.10}{Debugging}{}% 39
\BOOKMARK [2][-]{subsection.10.1}{Error in User Code or Inputs to ADiGator}{section.10}% 40
\BOOKMARK [2][-]{subsection.10.2}{Non-Overloaded Functions}{section.10}% 41
\BOOKMARK [2][-]{subsection.10.3}{Errors Regarding ``Strictly Symbolic'' Inputs}{section.10}% 42
\BOOKMARK [2][-]{subsection.10.4}{Errors in the Derivative and/or Derivative Code}{section.10}% 43
\BOOKMARK [1][-]{section.11}{List of Included Examples}{}% 44
\BOOKMARK [2][-]{subsection.11.1}{Basic First Derivatives}{section.11}% 45
\BOOKMARK [3][-]{subsubsection.11.1.1}{Arrowhead}{subsection.11.1}% 46
\BOOKMARK [3][-]{subsubsection.11.1.2}{Polynomial Data Fitting}{subsection.11.1}% 47
\BOOKMARK [2][-]{subsection.11.2}{Stiff Ordinary Differential Equations}{section.11}% 48
\BOOKMARK [3][-]{subsubsection.11.2.1}{Brusselator}{subsection.11.2}% 49
\BOOKMARK [3][-]{subsubsection.11.2.2}{DCAL Control of Two-Link Robot Manipulator}{subsection.11.2}% 50
\BOOKMARK [2][-]{subsection.11.3}{Constrained Optimization}{section.11}% 51
\BOOKMARK [3][-]{subsubsection.11.3.1}{Simple Example}{subsection.11.3}% 52
\BOOKMARK [3][-]{subsubsection.11.3.2}{Brachistochrone}{subsection.11.3}% 53
\BOOKMARK [3][-]{subsubsection.11.3.3}{Minimum Time to Climb of Supersonic Aircraft}{subsection.11.3}% 54
\BOOKMARK [2][-]{subsection.11.4}{Other}{section.11}% 55
\BOOKMARK [3][-]{subsubsection.11.4.1}{Jacobian-Vector and Hessian-Vector Products}{subsection.11.4}% 56
\BOOKMARK [3][-]{subsubsection.11.4.2}{Hessian of the Log-Sum-Exp Function}{subsection.11.4}% 57
\BOOKMARK [3][-]{subsubsection.11.4.3}{Unconstrained Brown Minimization}{subsection.11.4}% 58
\BOOKMARK [3][-]{subsubsection.11.4.4}{Banana System of Non-Linear Equations}{subsection.11.4}% 59
\BOOKMARK [3][-]{subsubsection.11.4.5}{Minimization Ginzburg-Landau \(2-dimensional\) Superconductivity Problem}{subsection.11.4}% 60
